The system is: Darwin - 18.2.0 - x86_64
Compiling the C compiler identification source file "CMakeCCompilerId.c" succeeded.
Compiler: /Applications/Xcode.app/Contents/Developer/Toolchains/XcodeDefault.xctoolchain/usr/bin/cc 
Build flags: -I/usr/local/opt/openssl/include/;-I/usr/local/include;-I/usr/local/opt/expat/include
Id flags:  

The output was:
0


Compilation of the C compiler identification source "CMakeCCompilerId.c" produced "a.out"

The C compiler identification is AppleClang, found in "/Users/tom/CLionProjects/Handout/cmake-build-debug/CMakeFiles/3.13.2/CompilerIdC/a.out"

Determining if the C compiler works passed with the following output:
Change Dir: /Users/tom/CLionProjects/Handout/cmake-build-debug/CMakeFiles/CMakeTmp

Run Build Command:"/usr/local/bin/gmake" "cmTC_3032c/fast"
/usr/local/bin/gmake -f CMakeFiles/cmTC_3032c.dir/build.make CMakeFiles/cmTC_3032c.dir/build
gmake[1]: Entering directory '/Users/tom/CLionProjects/Handout/cmake-build-debug/CMakeFiles/CMakeTmp'
Building C object CMakeFiles/cmTC_3032c.dir/testCCompiler.c.o
/Applications/Xcode.app/Contents/Developer/Toolchains/XcodeDefault.xctoolchain/usr/bin/cc   -I/usr/local/opt/openssl/include/ -I/usr/local/include -I/usr/local/opt/expat/include    -o CMakeFiles/cmTC_3032c.dir/testCCompiler.c.o   -c /Users/tom/CLionProjects/Handout/cmake-build-debug/CMakeFiles/CMakeTmp/testCCompiler.c
Linking C executable cmTC_3032c
/Applications/CLion.app/Contents/bin/cmake/mac/bin/cmake -E cmake_link_script CMakeFiles/cmTC_3032c.dir/link.txt --verbose=1
/Applications/Xcode.app/Contents/Developer/Toolchains/XcodeDefault.xctoolchain/usr/bin/cc -I/usr/local/opt/openssl/include/ -I/usr/local/include -I/usr/local/opt/expat/include  -Wl,-search_paths_first -Wl,-headerpad_max_install_names -L/usr/local/opt/openssl/lib -L/usr/local/lib -L/usr/local/opt/expat/lib  CMakeFiles/cmTC_3032c.dir/testCCompiler.c.o  -o cmTC_3032c 
ld: warning: directory not found for option '-L/usr/local/opt/expat/lib'
gmake[1]: Leaving directory '/Users/tom/CLionProjects/Handout/cmake-build-debug/CMakeFiles/CMakeTmp'


Detecting C compiler ABI info compiled with the following output:
Change Dir: /Users/tom/CLionProjects/Handout/cmake-build-debug/CMakeFiles/CMakeTmp

Run Build Command:"/usr/local/bin/gmake" "cmTC_95ec9/fast"
/usr/local/bin/gmake -f CMakeFiles/cmTC_95ec9.dir/build.make CMakeFiles/cmTC_95ec9.dir/build
gmake[1]: Entering directory '/Users/tom/CLionProjects/Handout/cmake-build-debug/CMakeFiles/CMakeTmp'
Building C object CMakeFiles/cmTC_95ec9.dir/CMakeCCompilerABI.c.o
/Applications/Xcode.app/Contents/Developer/Toolchains/XcodeDefault.xctoolchain/usr/bin/cc   -I/usr/local/opt/openssl/include/ -I/usr/local/include -I/usr/local/opt/expat/include    -o CMakeFiles/cmTC_95ec9.dir/CMakeCCompilerABI.c.o   -c /Applications/CLion.app/Contents/bin/cmake/mac/share/cmake-3.13/Modules/CMakeCCompilerABI.c
Linking C executable cmTC_95ec9
/Applications/CLion.app/Contents/bin/cmake/mac/bin/cmake -E cmake_link_script CMakeFiles/cmTC_95ec9.dir/link.txt --verbose=1
/Applications/Xcode.app/Contents/Developer/Toolchains/XcodeDefault.xctoolchain/usr/bin/cc -I/usr/local/opt/openssl/include/ -I/usr/local/include -I/usr/local/opt/expat/include  -Wl,-search_paths_first -Wl,-headerpad_max_install_names -L/usr/local/opt/openssl/lib -L/usr/local/lib -L/usr/local/opt/expat/lib -v -Wl,-v CMakeFiles/cmTC_95ec9.dir/CMakeCCompilerABI.c.o  -o cmTC_95ec9 
Apple LLVM version 10.0.0 (clang-1000.11.45.5)
Target: x86_64-apple-darwin18.2.0
Thread model: posix
InstalledDir: /Applications/Xcode.app/Contents/Developer/Toolchains/XcodeDefault.xctoolchain/usr/bin
 "/Applications/Xcode.app/Contents/Developer/Toolchains/XcodeDefault.xctoolchain/usr/bin/ld" -demangle -lto_library /Applications/Xcode.app/Contents/Developer/Toolchains/XcodeDefault.xctoolchain/usr/lib/libLTO.dylib -dynamic -arch x86_64 -macosx_version_min 10.14.0 -o cmTC_95ec9 -L/usr/local/opt/openssl/lib -L/usr/local/lib -L/usr/local/opt/expat/lib -search_paths_first -headerpad_max_install_names -v CMakeFiles/cmTC_95ec9.dir/CMakeCCompilerABI.c.o -lSystem /Applications/Xcode.app/Contents/Developer/Toolchains/XcodeDefault.xctoolchain/usr/lib/clang/10.0.0/lib/darwin/libclang_rt.osx.a
@(#)PROGRAM:ld  PROJECT:ld64-409.12
BUILD 17:47:51 Sep 25 2018
configured to support archs: armv6 armv7 armv7s arm64 i386 x86_64 x86_64h armv6m armv7k armv7m armv7em arm64e arm64_32
ld: warning: directory not found for option '-L/usr/local/opt/expat/lib'
Library search paths:
	/usr/local/opt/openssl/lib
	/usr/local/lib
	/usr/lib
	/usr/local/lib
Framework search paths:
	/Library/Frameworks/
	/System/Library/Frameworks/
gmake[1]: Leaving directory '/Users/tom/CLionProjects/Handout/cmake-build-debug/CMakeFiles/CMakeTmp'


Parsed C implicit link information from above output:
  link line regex: [^( *|.*[/\])(ld|CMAKE_LINK_STARTFILE-NOTFOUND|([^/\]+-)?ld|collect2)[^/\]*( |$)]
  ignore line: [Change Dir: /Users/tom/CLionProjects/Handout/cmake-build-debug/CMakeFiles/CMakeTmp]
  ignore line: []
  ignore line: [Run Build Command:"/usr/local/bin/gmake" "cmTC_95ec9/fast"]
  ignore line: [/usr/local/bin/gmake -f CMakeFiles/cmTC_95ec9.dir/build.make CMakeFiles/cmTC_95ec9.dir/build]
  ignore line: [gmake[1]: Entering directory '/Users/tom/CLionProjects/Handout/cmake-build-debug/CMakeFiles/CMakeTmp']
  ignore line: [Building C object CMakeFiles/cmTC_95ec9.dir/CMakeCCompilerABI.c.o]
  ignore line: [/Applications/Xcode.app/Contents/Developer/Toolchains/XcodeDefault.xctoolchain/usr/bin/cc   -I/usr/local/opt/openssl/include/ -I/usr/local/include -I/usr/local/opt/expat/include    -o CMakeFiles/cmTC_95ec9.dir/CMakeCCompilerABI.c.o   -c /Applications/CLion.app/Contents/bin/cmake/mac/share/cmake-3.13/Modules/CMakeCCompilerABI.c]
  ignore line: [Linking C executable cmTC_95ec9]
  ignore line: [/Applications/CLion.app/Contents/bin/cmake/mac/bin/cmake -E cmake_link_script CMakeFiles/cmTC_95ec9.dir/link.txt --verbose=1]
  ignore line: [/Applications/Xcode.app/Contents/Developer/Toolchains/XcodeDefault.xctoolchain/usr/bin/cc -I/usr/local/opt/openssl/include/ -I/usr/local/include -I/usr/local/opt/expat/include  -Wl,-search_paths_first -Wl,-headerpad_max_install_names -L/usr/local/opt/openssl/lib -L/usr/local/lib -L/usr/local/opt/expat/lib -v -Wl,-v CMakeFiles/cmTC_95ec9.dir/CMakeCCompilerABI.c.o  -o cmTC_95ec9 ]
  ignore line: [Apple LLVM version 10.0.0 (clang-1000.11.45.5)]
  ignore line: [Target: x86_64-apple-darwin18.2.0]
  ignore line: [Thread model: posix]
  ignore line: [InstalledDir: /Applications/Xcode.app/Contents/Developer/Toolchains/XcodeDefault.xctoolchain/usr/bin]
  link line: [ "/Applications/Xcode.app/Contents/Developer/Toolchains/XcodeDefault.xctoolchain/usr/bin/ld" -demangle -lto_library /Applications/Xcode.app/Contents/Developer/Toolchains/XcodeDefault.xctoolchain/usr/lib/libLTO.dylib -dynamic -arch x86_64 -macosx_version_min 10.14.0 -o cmTC_95ec9 -L/usr/local/opt/openssl/lib -L/usr/local/lib -L/usr/local/opt/expat/lib -search_paths_first -headerpad_max_install_names -v CMakeFiles/cmTC_95ec9.dir/CMakeCCompilerABI.c.o -lSystem /Applications/Xcode.app/Contents/Developer/Toolchains/XcodeDefault.xctoolchain/usr/lib/clang/10.0.0/lib/darwin/libclang_rt.osx.a]
    arg [/Applications/Xcode.app/Contents/Developer/Toolchains/XcodeDefault.xctoolchain/usr/bin/ld] ==> ignore
    arg [-demangle] ==> ignore
    arg [-lto_library] ==> ignore, skip following value
    arg [/Applications/Xcode.app/Contents/Developer/Toolchains/XcodeDefault.xctoolchain/usr/lib/libLTO.dylib] ==> skip value of -lto_library
    arg [-dynamic] ==> ignore
    arg [-arch] ==> ignore
    arg [x86_64] ==> ignore
    arg [-macosx_version_min] ==> ignore
    arg [10.14.0] ==> ignore
    arg [-o] ==> ignore
    arg [cmTC_95ec9] ==> ignore
    arg [-L/usr/local/opt/openssl/lib] ==> dir [/usr/local/opt/openssl/lib]
    arg [-L/usr/local/lib] ==> dir [/usr/local/lib]
    arg [-L/usr/local/opt/expat/lib] ==> dir [/usr/local/opt/expat/lib]
    arg [-search_paths_first] ==> ignore
    arg [-headerpad_max_install_names] ==> ignore
    arg [-v] ==> ignore
    arg [CMakeFiles/cmTC_95ec9.dir/CMakeCCompilerABI.c.o] ==> ignore
    arg [-lSystem] ==> lib [System]
    arg [/Applications/Xcode.app/Contents/Developer/Toolchains/XcodeDefault.xctoolchain/usr/lib/clang/10.0.0/lib/darwin/libclang_rt.osx.a] ==> lib [/Applications/Xcode.app/Contents/Developer/Toolchains/XcodeDefault.xctoolchain/usr/lib/clang/10.0.0/lib/darwin/libclang_rt.osx.a]
  Library search paths: [;/usr/local/opt/openssl/lib;/usr/local/lib;/usr/lib;/usr/local/lib]
  Framework search paths: [;/Library/Frameworks/;/System/Library/Frameworks/]
  remove lib [System]
  remove lib [/Applications/Xcode.app/Contents/Developer/Toolchains/XcodeDefault.xctoolchain/usr/lib/clang/10.0.0/lib/darwin/libclang_rt.osx.a]
  collapse library dir [/usr/local/opt/openssl/lib] ==> [/usr/local/opt/openssl/lib]
  collapse library dir [/usr/local/lib] ==> [/usr/local/lib]
  collapse library dir [/usr/local/opt/expat/lib] ==> [/usr/local/opt/expat/lib]
  collapse library dir [/usr/local/opt/openssl/lib] ==> [/usr/local/opt/openssl/lib]
  collapse library dir [/usr/local/lib] ==> [/usr/local/lib]
  collapse library dir [/usr/lib] ==> [/usr/lib]
  collapse library dir [/usr/local/lib] ==> [/usr/local/lib]
  collapse framework dir [/Library/Frameworks/] ==> [/Library/Frameworks]
  collapse framework dir [/System/Library/Frameworks/] ==> [/System/Library/Frameworks]
  implicit libs: []
  implicit dirs: [/usr/local/opt/openssl/lib;/usr/local/lib;/usr/local/opt/expat/lib;/usr/lib]
  implicit fwks: [/Library/Frameworks;/System/Library/Frameworks]




Detecting C [-std=c11] compiler features compiled with the following output:
Change Dir: /Users/tom/CLionProjects/Handout/cmake-build-debug/CMakeFiles/CMakeTmp

Run Build Command:"/usr/local/bin/gmake" "cmTC_76dc3/fast"
/usr/local/bin/gmake -f CMakeFiles/cmTC_76dc3.dir/build.make CMakeFiles/cmTC_76dc3.dir/build
gmake[1]: Entering directory '/Users/tom/CLionProjects/Handout/cmake-build-debug/CMakeFiles/CMakeTmp'
Building C object CMakeFiles/cmTC_76dc3.dir/feature_tests.c.o
/Applications/Xcode.app/Contents/Developer/Toolchains/XcodeDefault.xctoolchain/usr/bin/cc   -I/usr/local/opt/openssl/include/ -I/usr/local/include -I/usr/local/opt/expat/include    -std=c11 -o CMakeFiles/cmTC_76dc3.dir/feature_tests.c.o   -c /Users/tom/CLionProjects/Handout/cmake-build-debug/CMakeFiles/feature_tests.c
Linking C executable cmTC_76dc3
/Applications/CLion.app/Contents/bin/cmake/mac/bin/cmake -E cmake_link_script CMakeFiles/cmTC_76dc3.dir/link.txt --verbose=1
/Applications/Xcode.app/Contents/Developer/Toolchains/XcodeDefault.xctoolchain/usr/bin/cc -I/usr/local/opt/openssl/include/ -I/usr/local/include -I/usr/local/opt/expat/include  -Wl,-search_paths_first -Wl,-headerpad_max_install_names -L/usr/local/opt/openssl/lib -L/usr/local/lib -L/usr/local/opt/expat/lib  CMakeFiles/cmTC_76dc3.dir/feature_tests.c.o  -o cmTC_76dc3 
ld: warning: directory not found for option '-L/usr/local/opt/expat/lib'
gmake[1]: Leaving directory '/Users/tom/CLionProjects/Handout/cmake-build-debug/CMakeFiles/CMakeTmp'


    Feature record: C_FEATURE:1c_function_prototypes
    Feature record: C_FEATURE:1c_restrict
    Feature record: C_FEATURE:1c_static_assert
    Feature record: C_FEATURE:1c_variadic_macros


Detecting C [-std=c99] compiler features compiled with the following output:
Change Dir: /Users/tom/CLionProjects/Handout/cmake-build-debug/CMakeFiles/CMakeTmp

Run Build Command:"/usr/local/bin/gmake" "cmTC_bb3aa/fast"
/usr/local/bin/gmake -f CMakeFiles/cmTC_bb3aa.dir/build.make CMakeFiles/cmTC_bb3aa.dir/build
gmake[1]: Entering directory '/Users/tom/CLionProjects/Handout/cmake-build-debug/CMakeFiles/CMakeTmp'
Building C object CMakeFiles/cmTC_bb3aa.dir/feature_tests.c.o
/Applications/Xcode.app/Contents/Developer/Toolchains/XcodeDefault.xctoolchain/usr/bin/cc   -I/usr/local/opt/openssl/include/ -I/usr/local/include -I/usr/local/opt/expat/include    -std=c99 -o CMakeFiles/cmTC_bb3aa.dir/feature_tests.c.o   -c /Users/tom/CLionProjects/Handout/cmake-build-debug/CMakeFiles/feature_tests.c
Linking C executable cmTC_bb3aa
/Applications/CLion.app/Contents/bin/cmake/mac/bin/cmake -E cmake_link_script CMakeFiles/cmTC_bb3aa.dir/link.txt --verbose=1
/Applications/Xcode.app/Contents/Developer/Toolchains/XcodeDefault.xctoolchain/usr/bin/cc -I/usr/local/opt/openssl/include/ -I/usr/local/include -I/usr/local/opt/expat/include  -Wl,-search_paths_first -Wl,-headerpad_max_install_names -L/usr/local/opt/openssl/lib -L/usr/local/lib -L/usr/local/opt/expat/lib  CMakeFiles/cmTC_bb3aa.dir/feature_tests.c.o  -o cmTC_bb3aa 
ld: warning: directory not found for option '-L/usr/local/opt/expat/lib'
gmake[1]: Leaving directory '/Users/tom/CLionProjects/Handout/cmake-build-debug/CMakeFiles/CMakeTmp'


    Feature record: C_FEATURE:1c_function_prototypes
    Feature record: C_FEATURE:1c_restrict
    Feature record: C_FEATURE:0c_static_assert
    Feature record: C_FEATURE:1c_variadic_macros


Detecting C [-std=c90] compiler features compiled with the following output:
Change Dir: /Users/tom/CLionProjects/Handout/cmake-build-debug/CMakeFiles/CMakeTmp

Run Build Command:"/usr/local/bin/gmake" "cmTC_e34d6/fast"
/usr/local/bin/gmake -f CMakeFiles/cmTC_e34d6.dir/build.make CMakeFiles/cmTC_e34d6.dir/build
gmake[1]: Entering directory '/Users/tom/CLionProjects/Handout/cmake-build-debug/CMakeFiles/CMakeTmp'
Building C object CMakeFiles/cmTC_e34d6.dir/feature_tests.c.o
/Applications/Xcode.app/Contents/Developer/Toolchains/XcodeDefault.xctoolchain/usr/bin/cc   -I/usr/local/opt/openssl/include/ -I/usr/local/include -I/usr/local/opt/expat/include    -std=c90 -o CMakeFiles/cmTC_e34d6.dir/feature_tests.c.o   -c /Users/tom/CLionProjects/Handout/cmake-build-debug/CMakeFiles/feature_tests.c
Linking C executable cmTC_e34d6
/Applications/CLion.app/Contents/bin/cmake/mac/bin/cmake -E cmake_link_script CMakeFiles/cmTC_e34d6.dir/link.txt --verbose=1
/Applications/Xcode.app/Contents/Developer/Toolchains/XcodeDefault.xctoolchain/usr/bin/cc -I/usr/local/opt/openssl/include/ -I/usr/local/include -I/usr/local/opt/expat/include  -Wl,-search_paths_first -Wl,-headerpad_max_install_names -L/usr/local/opt/openssl/lib -L/usr/local/lib -L/usr/local/opt/expat/lib  CMakeFiles/cmTC_e34d6.dir/feature_tests.c.o  -o cmTC_e34d6 
ld: warning: directory not found for option '-L/usr/local/opt/expat/lib'
gmake[1]: Leaving directory '/Users/tom/CLionProjects/Handout/cmake-build-debug/CMakeFiles/CMakeTmp'


    Feature record: C_FEATURE:1c_function_prototypes
    Feature record: C_FEATURE:0c_restrict
    Feature record: C_FEATURE:0c_static_assert
    Feature record: C_FEATURE:0c_variadic_macros
